-------------------------------------------------------------------------------
Test set: com.rmit.sept.turtorial.demo.services.UserDetailsServiceImplTest
-------------------------------------------------------------------------------
Tests run: 1, Failures: 0, Errors: 1, Skipped: 0, Time elapsed: 0 s <<< FAILURE! - in com.rmit.sept.turtorial.demo.services.UserDetailsServiceImplTest
loadUserByUsername  Time elapsed: 0 s  <<< ERROR!
java.lang.NullPointerException
	at com.rmit.sept.turtorial.demo.services.UserDetailsServiceImplTest.loadUserByUsername(UserDetailsServiceImplTest.java:21)

