<?xml version="1.0" encoding="UTF-8"?>
<testsuite xmlns:xsi="http://www.w3.org/2001/XMLSchema-instance" xsi:noNamespaceSchemaLocation="https://maven.apache.org/surefire/maven-surefire-plugin/xsd/surefire-test-report.xsd" name="com.rmit.sept.turtorial.demo.repositories.PersonRepositoryTest" time="16.328" tests="1" errors="1" skipped="0" failures="0">
  <properties>
[...]
</properties>
  <testcase name="whenFindByPersonIdentifier_thenReturnPerson" classname="com.rmit.sept.turtorial.demo.repositories.PersonRepositoryTest" time="0.019">
    <error type="java.lang.NullPointerException">java.lang.NullPointerException
	at com.rmit.sept.turtorial.demo.repositories.PersonRepositoryTest.whenFindByPersonIdentifier_thenReturnPerson(PersonRepositoryTest.java:27)
</error>
    <system-out><![CDATA[2020-09-22 01:33:34.669  INFO 4065 --- [           main] .b.t.c.SpringBootTestContextBootstrapper : Neither @ContextConfiguration nor @ContextHierarchy found for test class [com.rmit.sept.turtorial.demo.repositories.PersonRepositoryTest], using SpringBootContextLoader
2020-09-22 01:33:34.670  INFO 4065 --- [           main] o.s.t.c.support.AbstractContextLoader    : Could not detect default resource locations for test class [com.rmit.sept.turtorial.demo.repositories.PersonRepositoryTest]: no resource found for suffixes {-context.xml, Context.groovy}.
2020-09-22 01:33:34.670  INFO 4065 --- [           main] t.c.s.AnnotationConfigContextLoaderUtils : Could not detect default configuration classes for test class [com.rmit.sept.turtorial.demo.repositories.PersonRepositoryTest]: PersonRepositoryTest does not declare any static, non-private, non-final, nested classes annotated with @Configuration.
2020-09-22 01:33:34.675  INFO 4065 --- [           main] .b.t.c.SpringBootTestContextBootstrapper : Found @SpringBootConfiguration com.rmit.sept.turtorial.demo.DemoApplication for test class com.rmit.sept.turtorial.demo.repositories.PersonRepositoryTest
2020-09-22 01:33:34.676  INFO 4065 --- [           main] .b.t.c.SpringBootTestContextBootstrapper : Loaded default TestExecutionListener class names from location [META-INF/spring.factories]: [org.springframework.boot.test.mock.mockito.MockitoTestExecutionListener, org.springframework.boot.test.mock.mockito.ResetMocksTestExecutionListener, org.springframework.boot.test.autoconfigure.restdocs.RestDocsTestExecutionListener, org.springframework.boot.test.autoconfigure.web.client.MockRestServiceServerResetTestExecutionListener, org.springframework.boot.test.autoconfigure.web.servlet.MockMvcPrintOnlyOnFailureTestExecutionListener, org.springframework.boot.test.autoconfigure.web.servlet.WebDriverTestExecutionListener, org.springframework.boot.test.autoconfigure.webservices.client.MockWebServiceServerTestExecutionListener, org.springframework.test.context.web.ServletTestExecutionListener, org.springframework.test.context.support.DirtiesContextBeforeModesTestExecutionListener, org.springframework.test.context.support.DependencyInjectionTestExecutionListener, org.springframework.test.context.support.DirtiesContextTestExecutionListener, org.springframework.test.context.transaction.TransactionalTestExecutionListener, org.springframework.test.context.jdbc.SqlScriptsTestExecutionListener, org.springframework.test.context.event.EventPublishingTestExecutionListener]
2020-09-22 01:33:34.676  INFO 4065 --- [           main] .b.t.c.SpringBootTestContextBootstrapper : Using TestExecutionListeners: [org.springframework.test.context.web.ServletTestExecutionListener@7433ca19, org.springframework.test.context.support.DirtiesContextBeforeModesTestExecutionListener@5d221b20, org.springframework.boot.test.mock.mockito.MockitoTestExecutionListener@79d4ff58, org.springframework.boot.test.autoconfigure.SpringBootDependencyInjectionTestExecutionListener@7ec13984, org.springframework.test.context.support.DirtiesContextTestExecutionListener@14485747, org.springframework.test.context.transaction.TransactionalTestExecutionListener@59fea5f5, org.springframework.test.context.jdbc.SqlScriptsTestExecutionListener@78eafad, org.springframework.test.context.event.EventPublishingTestExecutionListener@70f4abc1, org.springframework.boot.test.mock.mockito.ResetMocksTestExecutionListener@26d028f7, org.springframework.boot.test.autoconfigure.restdocs.RestDocsTestExecutionListener@a2df0d5, org.springframework.boot.test.autoconfigure.web.client.MockRestServiceServerResetTestExecutionListener@782cc5fa, org.springframework.boot.test.autoconfigure.web.servlet.MockMvcPrintOnlyOnFailureTestExecutionListener@2dd3d39d, org.springframework.boot.test.autoconfigure.web.servlet.WebDriverTestExecutionListener@ae3c140, org.springframework.boot.test.autoconfigure.webservices.client.MockWebServiceServerTestExecutionListener@6f2d3391]

  .   ____          _            __ _ _
 /\\ / ___'_ __ _ _(_)_ __  __ _ \ \ \ \
( ( )\___ | '_ | '_| | '_ \/ _` | \ \ \ \
 \\/  ___)| |_)| | | | | || (_| |  ) ) ) )
  '  |____| .__|_| |_|_| |_\__, | / / / /
 =========|_|==============|___/=/_/_/_/
 :: Spring Boot ::        (v2.3.2.RELEASE)

2020-09-22 01:33:44.704  WARN 4065 --- [           main] o.s.boot.StartupInfoLogger               : InetAddress.getLocalHost().getHostName() took 5002 milliseconds to respond. Please verify your network configuration (macOS machines may need to add entries to /etc/hosts).
2020-09-22 01:33:49.709  INFO 4065 --- [           main] c.r.s.t.d.r.PersonRepositoryTest         : Starting PersonRepositoryTest on MacBook-Pro.local with PID 4065 (started by sophia in /Volumes/Mac/2020 Sem 2/Software Engineering Processes and Tools/Assignment/majorproject-thurs-18-30-4/BackEnd)
2020-09-22 01:33:49.709  INFO 4065 --- [           main] c.r.s.t.d.r.PersonRepositoryTest         : No active profile set, falling back to default profiles: default
2020-09-22 01:33:49.839  INFO 4065 --- [           main] .s.d.r.c.RepositoryConfigurationDelegate : Bootstrapping Spring Data JPA repositories in DEFERRED mode.
2020-09-22 01:33:50.119  INFO 4065 --- [           main] .s.d.r.c.RepositoryConfigurationDelegate : Finished Spring Data repository scanning in 280ms. Found 4 JPA repository interfaces.
2020-09-22 01:33:50.225  INFO 4065 --- [           main] trationDelegate$BeanPostProcessorChecker : Bean 'org.springframework.security.access.expression.method.DefaultMethodSecurityExpressionHandler@3c71cf3e' of type [org.springframework.security.access.expression.method.DefaultMethodSecurityExpressionHandler] is not eligible for getting processed by all BeanPostProcessors (for example: not eligible for auto-proxying)
2020-09-22 01:33:50.233  INFO 4065 --- [           main] trationDelegate$BeanPostProcessorChecker : Bean 'methodSecurityMetadataSource' of type [org.springframework.security.access.method.DelegatingMethodSecurityMetadataSource] is not eligible for getting processed by all BeanPostProcessors (for example: not eligible for auto-proxying)
2020-09-22 01:33:50.286  INFO 4065 --- [           main] o.s.s.concurrent.ThreadPoolTaskExecutor  : Initializing ExecutorService 'applicationTaskExecutor'
2020-09-22 01:33:50.300  INFO 4065 --- [         task-1] o.hibernate.jpa.internal.util.LogHelper  : HHH000204: Processing PersistenceUnitInfo [name: default]
2020-09-22 01:33:50.303  INFO 4065 --- [         task-1] com.zaxxer.hikari.HikariDataSource       : HikariPool-3 - Starting...
2020-09-22 01:33:50.315  INFO 4065 --- [         task-1] com.zaxxer.hikari.HikariDataSource       : HikariPool-3 - Start completed.
2020-09-22 01:33:50.316  INFO 4065 --- [         task-1] org.hibernate.dialect.Dialect            : HHH000400: Using dialect: org.hibernate.dialect.MySQL5InnoDBDialect
2020-09-22 01:33:50.327  WARN 4065 --- [           main] JpaBaseConfiguration$JpaWebConfiguration : spring.jpa.open-in-view is enabled by default. Therefore, database queries may be performed during view rendering. Explicitly configure spring.jpa.open-in-view to disable this warning
2020-09-22 01:33:50.443  INFO 4065 --- [         task-1] o.h.e.t.j.p.i.JtaPlatformInitiator       : HHH000490: Using JtaPlatform implementation: [org.hibernate.engine.transaction.jta.platform.internal.NoJtaPlatform]
2020-09-22 01:33:50.443  INFO 4065 --- [         task-1] j.LocalContainerEntityManagerFactoryBean : Initialized JPA EntityManagerFactory for persistence unit 'default'
2020-09-22 01:33:50.678  INFO 4065 --- [           main] o.s.s.web.DefaultSecurityFilterChain     : Creating filter chain: any request, [org.springframework.security.web.context.request.async.WebAsyncManagerIntegrationFilter@7b332b23, org.springframework.security.web.context.SecurityContextPersistenceFilter@56872fcb, org.springframework.security.web.header.HeaderWriterFilter@716ae973, org.springframework.web.filter.CorsFilter@66a472b9, org.springframework.security.web.authentication.logout.LogoutFilter@2e93108a, com.rmit.sept.turtorial.demo.jwt.AuthTokenFilter@4348fa35, org.springframework.security.web.savedrequest.RequestCacheAwareFilter@7b3c2ae0, org.springframework.security.web.servletapi.SecurityContextHolderAwareRequestFilter@5d3b6585, org.springframework.security.web.authentication.AnonymousAuthenticationFilter@428eb3d5, org.springframework.security.web.session.SessionManagementFilter@1171ba7e, org.springframework.security.web.access.ExceptionTranslationFilter@655909e2, org.springframework.security.web.access.intercept.FilterSecurityInterceptor@15914bb5]
2020-09-22 01:33:50.924  INFO 4065 --- [           main] DeferredRepositoryInitializationListener : Triggering deferred initialization of Spring Data repositories…
2020-09-22 01:33:50.991  INFO 4065 --- [           main] DeferredRepositoryInitializationListener : Spring Data repositories initialized!
2020-09-22 01:33:50.993  INFO 4065 --- [           main] c.r.s.t.d.r.PersonRepositoryTest         : Started PersonRepositoryTest in 16.315 seconds (JVM running for 52.326)
]]></system-out>
  </testcase>
</testsuite>